<?xml version="1.0" encoding="UTF-8"?>
<!-- Generated by org.testng.reporters.JUnitReportReporter -->
<testsuite hostname="PMLDVBALAJID" failures="0" tests="2" name="testrunners.MyTestRunners1" time="16.549" errors="0" timestamp="2024-05-11T21:16:25 IST" skipped="0">
  <testcase classname="testrunners.MyTestRunners1" name="runScenario" time="8.907"/>
  <testcase classname="testrunners.MyTestRunners1" name="runScenario" time="7.642"/>
</testsuite> <!-- testrunners.MyTestRunners1 -->
