<?xml version="1.0" encoding="UTF-8"?>
<!-- Generated by org.testng.reporters.JUnitReportReporter -->
<testsuite hostname="PMLDVBALAJID" failures="0" tests="5" name="parallel.MyTestRunners" time="50.470" errors="0" timestamp="2024-05-11T15:12:22 IST" skipped="0">
  <testcase classname="parallel.MyTestRunners" name="runScenario" time="10.468"/>
  <testcase classname="parallel.MyTestRunners" name="runScenario" time="10.856"/>
  <testcase classname="parallel.MyTestRunners" name="runScenario" time="10.515"/>
  <testcase classname="parallel.MyTestRunners" name="runScenario" time="9.544"/>
  <testcase classname="parallel.MyTestRunners" name="runScenario" time="9.087"/>
</testsuite> <!-- parallel.MyTestRunners -->
