<?xml version="1.0" encoding="UTF-8"?>
<!-- Generated by org.testng.reporters.JUnitReportReporter -->
<testsuite hostname="PMLDVBALAJID" failures="0" tests="5" name="parallel.MyTestRunners" time="43.907" errors="0" timestamp="2024-05-11T15:37:06 IST" skipped="0">
  <testcase classname="parallel.MyTestRunners" name="runScenario" time="8.174"/>
  <testcase classname="parallel.MyTestRunners" name="runScenario" time="9.800"/>
  <testcase classname="parallel.MyTestRunners" name="runScenario" time="9.445"/>
  <testcase classname="parallel.MyTestRunners" name="runScenario" time="7.381"/>
  <testcase classname="parallel.MyTestRunners" name="runScenario" time="9.107"/>
</testsuite> <!-- parallel.MyTestRunners -->
