<?xml version="1.0" encoding="UTF-8"?>
<!-- Generated by org.testng.reporters.JUnitReportReporter -->
<testsuite hostname="DESKTOP-JUC4I42" failures="0" tests="6" name="parallel.MyTestRunners" time="44.812" errors="0" timestamp="2024-05-27T17:06:45 PDT" skipped="0">
  <testcase classname="parallel.MyTestRunners" name="runScenario" time="4.462"/>
  <testcase classname="parallel.MyTestRunners" name="runScenario" time="7.120"/>
  <testcase classname="parallel.MyTestRunners" name="runScenario" time="9.110"/>
  <testcase classname="parallel.MyTestRunners" name="runScenario" time="9.138"/>
  <testcase classname="parallel.MyTestRunners" name="runScenario" time="9.185"/>
  <testcase classname="parallel.MyTestRunners" name="runScenario" time="5.797"/>
</testsuite> <!-- parallel.MyTestRunners -->
