<?xml version="1.0" encoding="UTF-8"?>
<!-- Generated by org.testng.reporters.JUnitReportReporter -->
<testsuite hostname="DESKTOP-JUC4I42" failures="0" tests="6" name="parallel.MyTestRunners" time="40.030" errors="0" timestamp="2024-05-28T09:27:56 PDT" skipped="0">
  <testcase classname="parallel.MyTestRunners" name="runScenario" time="5.791"/>
  <testcase classname="parallel.MyTestRunners" name="runScenario" time="8.379"/>
  <testcase classname="parallel.MyTestRunners" name="runScenario" time="8.287"/>
  <testcase classname="parallel.MyTestRunners" name="runScenario" time="7.749"/>
  <testcase classname="parallel.MyTestRunners" name="runScenario" time="4.245"/>
  <testcase classname="parallel.MyTestRunners" name="runScenario" time="5.579"/>
</testsuite> <!-- parallel.MyTestRunners -->
