<?xml version="1.0" encoding="UTF-8"?>
<!-- Generated by org.testng.reporters.JUnitReportReporter -->
<testsuite hostname="PMLDVBALAJID" failures="0" tests="6" name="parallel.MyTestRunners" time="61.113" errors="0" timestamp="2024-05-15T18:17:06 IST" skipped="0">
  <testcase classname="parallel.MyTestRunners" name="runScenario" time="7.974"/>
  <testcase classname="parallel.MyTestRunners" name="runScenario" time="11.818"/>
  <testcase classname="parallel.MyTestRunners" name="runScenario" time="13.784"/>
  <testcase classname="parallel.MyTestRunners" name="runScenario" time="5.240"/>
  <testcase classname="parallel.MyTestRunners" name="runScenario" time="10.138"/>
  <testcase classname="parallel.MyTestRunners" name="runScenario" time="12.159"/>
</testsuite> <!-- parallel.MyTestRunners -->
